{
  "RSpec": {
    "coverage": {
      "/home/delightful-node-8046/tic-tac-toe-rb-london-whitehat-1908/lib/tic_tac_toe.rb": [
        1,
        0,
        null,
        null,
        1,
        7,
        0,
        null,
        null,
        1,
        6,
        null,
        null,
        1,
        1,
        0,
        0,
        null,
        null,
        1,
        60211,
        60205,
        0,
        null,
        60205,
        60199,
        null,
        null,
        null,
        1,
        60205,
        60205,
        60205,
        null,
        null,
        1,
        null,
        6,
        null,
        null,
        null,
        null,
        null,
        null,
        null,
        6,
        0,
        null,
        null,
        1,
        5,
        null,
        null,
        1,
        0,
        0,
        null,
        0,
        0,
        0,
        0,
        0,
        0,
        null,
        0,
        null,
        null,
        null,
        1,
        0,
        null,
        null,
        null,
        null,
        0,
        null,
        null
      ]
    },
    "timestamp": 1565342546
  }
}
